{"/Users/temitopeomotunde/myprojects/localstack-demo/src/businessLogic/images.js": {"path":"/Users/temitopeomotunde/myprojects/localstack-demo/src/businessLogic/images.js","statementMap":{"0":{"start":{"line":5,"column":4},"end":{"line":5,"column":15}},"1":{"start":{"line":7,"column":27},"end":{"line":40,"column":1}},"2":{"start":{"line":9,"column":4},"end":{"line":16,"column":5}},"3":{"start":{"line":11,"column":8},"end":{"line":11,"column":31}},"4":{"start":{"line":12,"column":8},"end":{"line":12,"column":99}},"5":{"start":{"line":14,"column":8},"end":{"line":14,"column":27}},"6":{"start":{"line":15,"column":8},"end":{"line":15,"column":48}},"7":{"start":{"line":19,"column":14},"end":{"line":24,"column":5}},"8":{"start":{"line":26,"column":4},"end":{"line":37,"column":5}},"9":{"start":{"line":27,"column":25},"end":{"line":27,"column":89}},"10":{"start":{"line":28,"column":8},"end":{"line":28,"column":44}},"11":{"start":{"line":31,"column":34},"end":{"line":31,"column":118}},"12":{"start":{"line":32,"column":8},"end":{"line":32,"column":107}},"13":{"start":{"line":33,"column":8},"end":{"line":33,"column":20}},"14":{"start":{"line":35,"column":8},"end":{"line":35,"column":27}},"15":{"start":{"line":36,"column":8},"end":{"line":36,"column":75}},"16":{"start":{"line":42,"column":0},"end":{"line":44,"column":1}}},"fnMap":{"0":{"name":"(anonymous_0)","decl":{"start":{"line":7,"column":27},"end":{"line":7,"column":28}},"loc":{"start":{"line":7,"column":86},"end":{"line":40,"column":1}},"line":7}},"branchMap":{"0":{"loc":{"start":{"line":1,"column":8},"end":{"line":1,"column":26}},"type":"default-arg","locations":[{"start":{"line":1,"column":19},"end":{"line":1,"column":26}}],"line":1},"1":{"loc":{"start":{"line":2,"column":4},"end":{"line":2,"column":38}},"type":"default-arg","locations":[{"start":{"line":2,"column":19},"end":{"line":2,"column":38}}],"line":2},"2":{"loc":{"start":{"line":3,"column":4},"end":{"line":3,"column":40}},"type":"default-arg","locations":[{"start":{"line":3,"column":20},"end":{"line":3,"column":40}}],"line":3},"3":{"loc":{"start":{"line":4,"column":4},"end":{"line":4,"column":43}},"type":"default-arg","locations":[{"start":{"line":4,"column":24},"end":{"line":4,"column":43}}],"line":4},"4":{"loc":{"start":{"line":31,"column":16},"end":{"line":31,"column":29}},"type":"default-arg","locations":[{"start":{"line":31,"column":27},"end":{"line":31,"column":29}}],"line":31}},"s":{"0":0,"1":0,"2":0,"3":0,"4":0,"5":0,"6":0,"7":0,"8":0,"9":0,"10":0,"11":0,"12":0,"13":0,"14":0,"15":0,"16":0},"f":{"0":0},"b":{"0":[0],"1":[0],"2":[0],"3":[0],"4":[0]}}
,"/Users/temitopeomotunde/myprojects/localstack-demo/src/lambdas/inputHandler.js": {"path":"/Users/temitopeomotunde/myprojects/localstack-demo/src/lambdas/inputHandler.js","statementMap":{"0":{"start":{"line":2,"column":18},"end":{"line":2,"column":51}},"1":{"start":{"line":3,"column":18},"end":{"line":3,"column":51}},"2":{"start":{"line":4,"column":19},"end":{"line":4,"column":53}},"3":{"start":{"line":5,"column":31},"end":{"line":5,"column":65}},"4":{"start":{"line":9,"column":4},"end":{"line":9,"column":15}},"5":{"start":{"line":10,"column":0},"end":{"line":48,"column":2}},"6":{"start":{"line":12,"column":4},"end":{"line":45,"column":5}},"7":{"start":{"line":13,"column":26},"end":{"line":13,"column":43}},"8":{"start":{"line":14,"column":8},"end":{"line":16,"column":9}},"9":{"start":{"line":15,"column":12},"end":{"line":15,"column":45}},"10":{"start":{"line":18,"column":26},"end":{"line":18,"column":59}},"11":{"start":{"line":19,"column":26},"end":{"line":19,"column":41}},"12":{"start":{"line":20,"column":27},"end":{"line":20,"column":43}},"13":{"start":{"line":22,"column":8},"end":{"line":22,"column":82}},"14":{"start":{"line":23,"column":8},"end":{"line":32,"column":10}},"15":{"start":{"line":34,"column":8},"end":{"line":34,"column":27}},"16":{"start":{"line":35,"column":8},"end":{"line":44,"column":10}}},"fnMap":{"0":{"name":"(anonymous_0)","decl":{"start":{"line":10,"column":25},"end":{"line":10,"column":26}},"loc":{"start":{"line":10,"column":42},"end":{"line":48,"column":1}},"line":10}},"branchMap":{"0":{"loc":{"start":{"line":7,"column":8},"end":{"line":7,"column":26}},"type":"default-arg","locations":[{"start":{"line":7,"column":19},"end":{"line":7,"column":26}}],"line":7},"1":{"loc":{"start":{"line":8,"column":4},"end":{"line":8,"column":57}},"type":"default-arg","locations":[{"start":{"line":8,"column":16},"end":{"line":8,"column":57}}],"line":8},"2":{"loc":{"start":{"line":13,"column":26},"end":{"line":13,"column":43}},"type":"binary-expr","locations":[{"start":{"line":13,"column":26},"end":{"line":13,"column":37}},{"start":{"line":13,"column":41},"end":{"line":13,"column":43}}],"line":13},"3":{"loc":{"start":{"line":14,"column":8},"end":{"line":16,"column":9}},"type":"if","locations":[{"start":{"line":14,"column":8},"end":{"line":16,"column":9}},{"start":{},"end":{}}],"line":14}},"s":{"0":0,"1":0,"2":0,"3":0,"4":0,"5":0,"6":0,"7":0,"8":0,"9":0,"10":0,"11":0,"12":0,"13":0,"14":0,"15":0,"16":0},"f":{"0":0},"b":{"0":[0],"1":[0],"2":[0,0],"3":[0,0]}}
,"/Users/temitopeomotunde/myprojects/localstack-demo/src/services/db.service.js": {"path":"/Users/temitopeomotunde/myprojects/localstack-demo/src/services/db.service.js","statementMap":{"0":{"start":{"line":1,"column":40},"end":{"line":1,"column":58}},"1":{"start":{"line":7,"column":8},"end":{"line":7,"column":48}},"2":{"start":{"line":11,"column":8},"end":{"line":11,"column":36}},"3":{"start":{"line":15,"column":20},"end":{"line":15,"column":43}},"4":{"start":{"line":16,"column":8},"end":{"line":16,"column":31}},"5":{"start":{"line":17,"column":8},"end":{"line":17,"column":19}},"6":{"start":{"line":21,"column":8},"end":{"line":21,"column":45}},"7":{"start":{"line":25,"column":8},"end":{"line":25,"column":27}},"8":{"start":{"line":29,"column":8},"end":{"line":29,"column":32}},"9":{"start":{"line":33,"column":8},"end":{"line":33,"column":34}},"10":{"start":{"line":37,"column":0},"end":{"line":37,"column":27}}},"fnMap":{"0":{"name":"(anonymous_0)","decl":{"start":{"line":6,"column":4},"end":{"line":6,"column":5}},"loc":{"start":{"line":6,"column":26},"end":{"line":8,"column":5}},"line":6},"1":{"name":"(anonymous_1)","decl":{"start":{"line":10,"column":4},"end":{"line":10,"column":5}},"loc":{"start":{"line":10,"column":23},"end":{"line":12,"column":5}},"line":10},"2":{"name":"(anonymous_2)","decl":{"start":{"line":14,"column":4},"end":{"line":14,"column":5}},"loc":{"start":{"line":14,"column":34},"end":{"line":18,"column":5}},"line":14},"3":{"name":"(anonymous_3)","decl":{"start":{"line":20,"column":4},"end":{"line":20,"column":5}},"loc":{"start":{"line":20,"column":24},"end":{"line":22,"column":5}},"line":20},"4":{"name":"(anonymous_4)","decl":{"start":{"line":24,"column":4},"end":{"line":24,"column":5}},"loc":{"start":{"line":24,"column":16},"end":{"line":26,"column":5}},"line":24},"5":{"name":"(anonymous_5)","decl":{"start":{"line":28,"column":4},"end":{"line":28,"column":5}},"loc":{"start":{"line":28,"column":12},"end":{"line":30,"column":5}},"line":28},"6":{"name":"(anonymous_6)","decl":{"start":{"line":32,"column":4},"end":{"line":32,"column":5}},"loc":{"start":{"line":32,"column":18},"end":{"line":34,"column":5}},"line":32}},"branchMap":{},"s":{"0":1,"1":1,"2":1,"3":1,"4":1,"5":1,"6":2,"7":0,"8":4,"9":1,"10":1},"f":{"0":1,"1":1,"2":1,"3":2,"4":0,"5":4,"6":1},"b":{},"_coverageSchema":"1a1c01bbd47fc00a2c39e90264f33305004495a9","hash":"b703367dbad0bfa64518443485209766125801fa"}
,"/Users/temitopeomotunde/myprojects/localstack-demo/src/services/s3.service.js": {"path":"/Users/temitopeomotunde/myprojects/localstack-demo/src/services/s3.service.js","statementMap":{"0":{"start":{"line":1,"column":25},"end":{"line":1,"column":43}},"1":{"start":{"line":8,"column":4},"end":{"line":8,"column":15}},"2":{"start":{"line":10,"column":20},"end":{"line":14,"column":1}},"3":{"start":{"line":16,"column":0},"end":{"line":20,"column":1}},"4":{"start":{"line":17,"column":21},"end":{"line":17,"column":57}},"5":{"start":{"line":18,"column":4},"end":{"line":18,"column":50}},"6":{"start":{"line":19,"column":4},"end":{"line":19,"column":40}},"7":{"start":{"line":25,"column":8},"end":{"line":25,"column":39}},"8":{"start":{"line":29,"column":8},"end":{"line":29,"column":27}},"9":{"start":{"line":33,"column":0},"end":{"line":33,"column":27}}},"fnMap":{"0":{"name":"(anonymous_0)","decl":{"start":{"line":24,"column":4},"end":{"line":24,"column":5}},"loc":{"start":{"line":24,"column":40},"end":{"line":26,"column":5}},"line":24},"1":{"name":"(anonymous_1)","decl":{"start":{"line":28,"column":4},"end":{"line":28,"column":5}},"loc":{"start":{"line":28,"column":16},"end":{"line":30,"column":5}},"line":28}},"branchMap":{"0":{"loc":{"start":{"line":4,"column":4},"end":{"line":4,"column":17}},"type":"default-arg","locations":[{"start":{"line":4,"column":15},"end":{"line":4,"column":17}}],"line":4},"1":{"loc":{"start":{"line":5,"column":4},"end":{"line":5,"column":19}},"type":"default-arg","locations":[{"start":{"line":5,"column":17},"end":{"line":5,"column":19}}],"line":5},"2":{"loc":{"start":{"line":6,"column":4},"end":{"line":6,"column":22}},"type":"default-arg","locations":[{"start":{"line":6,"column":20},"end":{"line":6,"column":22}}],"line":6},"3":{"loc":{"start":{"line":7,"column":4},"end":{"line":7,"column":28}},"type":"default-arg","locations":[{"start":{"line":7,"column":26},"end":{"line":7,"column":28}}],"line":7},"4":{"loc":{"start":{"line":16,"column":0},"end":{"line":20,"column":1}},"type":"if","locations":[{"start":{"line":16,"column":0},"end":{"line":20,"column":1}},{"start":{},"end":{}}],"line":16},"5":{"loc":{"start":{"line":16,"column":4},"end":{"line":16,"column":47}},"type":"binary-expr","locations":[{"start":{"line":16,"column":4},"end":{"line":16,"column":24}},{"start":{"line":16,"column":28},"end":{"line":16,"column":47}}],"line":16},"6":{"loc":{"start":{"line":24,"column":16},"end":{"line":24,"column":38}},"type":"default-arg","locations":[{"start":{"line":24,"column":27},"end":{"line":24,"column":38}}],"line":24}},"s":{"0":1,"1":1,"2":1,"3":1,"4":1,"5":1,"6":1,"7":1,"8":9,"9":1},"f":{"0":1,"1":9},"b":{"0":[0],"1":[0],"2":[0],"3":[1],"4":[1,0],"5":[1,1],"6":[0]},"_coverageSchema":"1a1c01bbd47fc00a2c39e90264f33305004495a9","hash":"79c18d8ba706378b23092da2366abedc6ea0ab4a"}
,"/Users/temitopeomotunde/myprojects/localstack-demo/src/services/sqs.service.js": {"path":"/Users/temitopeomotunde/myprojects/localstack-demo/src/services/sqs.service.js","statementMap":{"0":{"start":{"line":1,"column":26},"end":{"line":1,"column":44}},"1":{"start":{"line":8,"column":4},"end":{"line":8,"column":15}},"2":{"start":{"line":10,"column":21},"end":{"line":14,"column":1}},"3":{"start":{"line":16,"column":0},"end":{"line":19,"column":1}},"4":{"start":{"line":17,"column":21},"end":{"line":17,"column":57}},"5":{"start":{"line":18,"column":4},"end":{"line":18,"column":51}},"6":{"start":{"line":24,"column":8},"end":{"line":24,"column":41}},"7":{"start":{"line":28,"column":8},"end":{"line":28,"column":27}},"8":{"start":{"line":32,"column":0},"end":{"line":32,"column":28}}},"fnMap":{"0":{"name":"(anonymous_0)","decl":{"start":{"line":23,"column":4},"end":{"line":23,"column":5}},"loc":{"start":{"line":23,"column":42},"end":{"line":25,"column":5}},"line":23},"1":{"name":"(anonymous_1)","decl":{"start":{"line":27,"column":4},"end":{"line":27,"column":5}},"loc":{"start":{"line":27,"column":16},"end":{"line":29,"column":5}},"line":27}},"branchMap":{"0":{"loc":{"start":{"line":4,"column":4},"end":{"line":4,"column":17}},"type":"default-arg","locations":[{"start":{"line":4,"column":15},"end":{"line":4,"column":17}}],"line":4},"1":{"loc":{"start":{"line":5,"column":4},"end":{"line":5,"column":19}},"type":"default-arg","locations":[{"start":{"line":5,"column":17},"end":{"line":5,"column":19}}],"line":5},"2":{"loc":{"start":{"line":6,"column":4},"end":{"line":6,"column":22}},"type":"default-arg","locations":[{"start":{"line":6,"column":20},"end":{"line":6,"column":22}}],"line":6},"3":{"loc":{"start":{"line":7,"column":4},"end":{"line":7,"column":28}},"type":"default-arg","locations":[{"start":{"line":7,"column":26},"end":{"line":7,"column":28}}],"line":7},"4":{"loc":{"start":{"line":16,"column":0},"end":{"line":19,"column":1}},"type":"if","locations":[{"start":{"line":16,"column":0},"end":{"line":19,"column":1}},{"start":{},"end":{}}],"line":16},"5":{"loc":{"start":{"line":16,"column":4},"end":{"line":16,"column":47}},"type":"binary-expr","locations":[{"start":{"line":16,"column":4},"end":{"line":16,"column":24}},{"start":{"line":16,"column":28},"end":{"line":16,"column":47}}],"line":16},"6":{"loc":{"start":{"line":23,"column":16},"end":{"line":23,"column":40}},"type":"default-arg","locations":[{"start":{"line":23,"column":28},"end":{"line":23,"column":40}}],"line":23}},"s":{"0":1,"1":1,"2":1,"3":1,"4":1,"5":1,"6":1,"7":7,"8":1},"f":{"0":1,"1":7},"b":{"0":[0],"1":[0],"2":[0],"3":[1],"4":[1,0],"5":[1,1],"6":[0]},"_coverageSchema":"1a1c01bbd47fc00a2c39e90264f33305004495a9","hash":"4833bf628b0cbba0a124e7718492de9bd63373bd"}
}
